<?xml version="1.0" encoding="UTF-8"?>
<!-- Generated by org.testng.reporters.JUnitXMLReporter -->
<testsuite ignored="0" hostname="C02HF4EGQ6L5" failures="0" tests="3" name="Submit order Test" time="31.04" errors="0" timestamp="2023-03-12T09:37:33 IST">
  <testcase classname="com.wipro.SubmitOrderTest" name="submitOrder" time="9.484"/>
  <testcase classname="com.wipro.SubmitOrderTest" name="submitOrder" time="9.479"/>
  <testcase classname="com.wipro.SubmitOrderTest" name="orderHistory" time="0.568"/>
</testsuite> <!-- Submit order Test -->
