<?xml version="1.0" encoding="UTF-8"?>
<!-- Generated by org.testng.reporters.JUnitXMLReporter -->
<testsuite ignored="0" hostname="C02HF4EGQ6L5" failures="0" tests="3" name="Submit order Test" time="35.212" errors="0" timestamp="2023-03-13T16:37:17 IST">
  <testcase classname="com.wipro.SubmitOrderTest" name="submitOrder" time="11.347"/>
  <testcase classname="com.wipro.SubmitOrderTest" name="submitOrder" time="10.217"/>
  <testcase classname="com.wipro.SubmitOrderTest" name="orderHistory" time="0.597"/>
</testsuite> <!-- Submit order Test -->
