<?xml version="1.0" encoding="UTF-8"?>
<testng-results ignored="0" total="5" passed="5" failed="0" skipped="0">
  <reporter-output>
  </reporter-output>
  <suite started-at="2023-03-13T16:36:21 IST" name="Suite" finished-at="2023-03-13T16:37:17 IST" duration-ms="56067">
    <groups>
      <group name="Purchase">
        <method signature="SubmitOrderTest.submitOrder(java.util.HashMap)[pri:0, instance:com.wipro.SubmitOrderTest@7d1cfb8b]" name="submitOrder" class="com.wipro.SubmitOrderTest"/>
      </group> <!-- Purchase -->
      <group name="errorHandling">
        <method signature="ErrorValidation.loginErrorValidation()[pri:0, instance:com.wipro.ErrorValidation@363a52f]" name="loginErrorValidation" class="com.wipro.ErrorValidation"/>
      </group> <!-- errorHandling -->
    </groups>
    <test started-at="2023-03-13T16:36:21 IST" name="Error Validation Test" finished-at="2023-03-13T16:36:41 IST" duration-ms="20278">
      <class name="com.wipro.ErrorValidation">
        <test-method is-config="true" signature="launchApplication()[pri:0, instance:com.wipro.ErrorValidation@363a52f]" started-at="2023-03-13T16:36:21 IST" name="launchApplication" finished-at="2023-03-13T16:36:27 IST" duration-ms="5813" status="PASS">
          <reporter-output>
          </reporter-output>
        </test-method> <!-- launchApplication -->
        <test-method signature="cartProductValidation()[pri:0, instance:com.wipro.ErrorValidation@363a52f]" started-at="2023-03-13T16:36:27 IST" name="cartProductValidation" finished-at="2023-03-13T16:36:36 IST" duration-ms="8743" status="PASS">
          <reporter-output>
          </reporter-output>
        </test-method> <!-- cartProductValidation -->
        <test-method is-config="true" signature="tearDown()[pri:0, instance:com.wipro.ErrorValidation@363a52f]" started-at="2023-03-13T16:36:36 IST" name="tearDown" finished-at="2023-03-13T16:36:36 IST" duration-ms="516" status="PASS">
          <reporter-output>
          </reporter-output>
        </test-method> <!-- tearDown -->
        <test-method is-config="true" signature="launchApplication()[pri:0, instance:com.wipro.ErrorValidation@363a52f]" started-at="2023-03-13T16:36:36 IST" name="launchApplication" finished-at="2023-03-13T16:36:40 IST" duration-ms="4280" status="PASS">
          <reporter-output>
          </reporter-output>
        </test-method> <!-- launchApplication -->
        <test-method signature="loginErrorValidation()[pri:0, instance:com.wipro.ErrorValidation@363a52f]" started-at="2023-03-13T16:36:40 IST" name="loginErrorValidation" finished-at="2023-03-13T16:36:41 IST" duration-ms="378" status="PASS">
          <reporter-output>
          </reporter-output>
        </test-method> <!-- loginErrorValidation -->
        <test-method is-config="true" signature="tearDown()[pri:0, instance:com.wipro.ErrorValidation@363a52f]" started-at="2023-03-13T16:36:41 IST" name="tearDown" finished-at="2023-03-13T16:36:41 IST" duration-ms="445" status="PASS">
          <reporter-output>
          </reporter-output>
        </test-method> <!-- tearDown -->
      </class> <!-- com.wipro.ErrorValidation -->
    </test> <!-- Error Validation Test -->
    <test started-at="2023-03-13T16:36:42 IST" name="StandAlone Test" finished-at="2023-03-13T16:36:42 IST" duration-ms="1">
    </test> <!-- StandAlone Test -->
    <test started-at="2023-03-13T16:36:42 IST" name="Submit order Test" finished-at="2023-03-13T16:37:17 IST" duration-ms="35212">
      <class name="com.wipro.SubmitOrderTest">
        <test-method is-config="true" signature="launchApplication()[pri:0, instance:com.wipro.SubmitOrderTest@7d1cfb8b]" started-at="2023-03-13T16:36:42 IST" name="launchApplication" finished-at="2023-03-13T16:36:46 IST" duration-ms="3749" status="PASS">
          <reporter-output>
          </reporter-output>
        </test-method> <!-- launchApplication -->
        <test-method signature="submitOrder(java.util.HashMap)[pri:0, instance:com.wipro.SubmitOrderTest@7d1cfb8b]" started-at="2023-03-13T16:36:46 IST" name="submitOrder" data-provider="getData" finished-at="2023-03-13T16:36:57 IST" duration-ms="11347" status="PASS">
          <params>
            <param index="0">
              <value>
                <![CDATA[{password=Gouravsingh@123, product=ZARA COAT 3, email=gouravsingh@gmail.com}]]>
              </value>
            </param>
          </params>
          <reporter-output>
          </reporter-output>
        </test-method> <!-- submitOrder -->
        <test-method is-config="true" signature="tearDown()[pri:0, instance:com.wipro.SubmitOrderTest@7d1cfb8b]" started-at="2023-03-13T16:36:57 IST" name="tearDown" finished-at="2023-03-13T16:36:58 IST" duration-ms="452" status="PASS">
          <reporter-output>
          </reporter-output>
        </test-method> <!-- tearDown -->
        <test-method is-config="true" signature="launchApplication()[pri:0, instance:com.wipro.SubmitOrderTest@7d1cfb8b]" started-at="2023-03-13T16:36:58 IST" name="launchApplication" finished-at="2023-03-13T16:37:02 IST" duration-ms="4423" status="PASS">
          <reporter-output>
          </reporter-output>
        </test-method> <!-- launchApplication -->
        <test-method signature="submitOrder(java.util.HashMap)[pri:0, instance:com.wipro.SubmitOrderTest@7d1cfb8b]" started-at="2023-03-13T16:37:02 IST" name="submitOrder" data-provider="getData" finished-at="2023-03-13T16:37:12 IST" duration-ms="10217" status="PASS">
          <params>
            <param index="0">
              <value>
                <![CDATA[{password=Gourav@123, product=ADIDAS ORIGINAL, email=gourav@gmail.com}]]>
              </value>
            </param>
          </params>
          <reporter-output>
          </reporter-output>
        </test-method> <!-- submitOrder -->
        <test-method is-config="true" signature="tearDown()[pri:0, instance:com.wipro.SubmitOrderTest@7d1cfb8b]" started-at="2023-03-13T16:37:12 IST" name="tearDown" finished-at="2023-03-13T16:37:13 IST" duration-ms="440" status="PASS">
          <reporter-output>
          </reporter-output>
        </test-method> <!-- tearDown -->
        <test-method is-config="true" signature="launchApplication()[pri:0, instance:com.wipro.SubmitOrderTest@7d1cfb8b]" started-at="2023-03-13T16:37:13 IST" name="launchApplication" finished-at="2023-03-13T16:37:16 IST" duration-ms="3278" status="PASS">
          <reporter-output>
          </reporter-output>
        </test-method> <!-- launchApplication -->
        <test-method signature="orderHistory()[pri:0, instance:com.wipro.SubmitOrderTest@7d1cfb8b]" started-at="2023-03-13T16:37:16 IST" name="orderHistory" finished-at="2023-03-13T16:37:17 IST" depends-on-methods="com.wipro.SubmitOrderTest.submitOrder" duration-ms="597" status="PASS">
          <reporter-output>
          </reporter-output>
        </test-method> <!-- orderHistory -->
        <test-method is-config="true" signature="tearDown()[pri:0, instance:com.wipro.SubmitOrderTest@7d1cfb8b]" started-at="2023-03-13T16:37:17 IST" name="tearDown" finished-at="2023-03-13T16:37:17 IST" duration-ms="421" status="PASS">
          <reporter-output>
          </reporter-output>
        </test-method> <!-- tearDown -->
      </class> <!-- com.wipro.SubmitOrderTest -->
    </test> <!-- Submit order Test -->
  </suite> <!-- Suite -->
</testng-results>
