<?xml version="1.0" encoding="UTF-8"?>
<testsuite xmlns:xsi="http://www.w3.org/2001/XMLSchema-instance" xsi:noNamespaceSchemaLocation="https://maven.apache.org/surefire/maven-surefire-plugin/xsd/surefire-test-report-3.0.xsd" version="3.0" name="TestSuite" time="57.272" tests="5" errors="0" skipped="0" failures="0">
  <properties>
[...]
</properties>
  <testcase name="cartProductValidation" classname="com.wipro.ErrorValidation" time="8.767">
    <system-err><![CDATA[SLF4J: No SLF4J providers were found.
SLF4J: Defaulting to no-operation (NOP) logger implementation
SLF4J: See https://www.slf4j.org/codes.html#noProviders for further details.
1678705582431	geckodriver	INFO	Listening on 127.0.0.1:4965
1678705582753	mozrunner::runner	INFO	Running command: "/Applications/Firefox.app/Contents/MacOS/firefox-bin" "--marionette" "--remote-debugging-port" "13524" "--r ... /[::1]:13524/" "-foreground" "-no-remote" "-profile" "/var/folders/gj/b4qc5qls70x8h84cr_kx8sy00000gq/T/rust_mozprofilerucajK"
console.warn: services.settings: Ignoring preference override of remote settings server
console.warn: services.settings: Allow by setting MOZ_REMOTE_SETTINGS_DEVTOOLS=1 in the environment
1678705583430	Marionette	INFO	Marionette enabled
1678705583567	Marionette	INFO	Listening on port 63124
Read port: 63124
2023-03-13 16:36:23.599 plugin-container[29207:3231371] nil host used in call to allowsSpecificHTTPSCertificateForHost
2023-03-13 16:36:23.599 plugin-container[29207:3231371] nil host used in call to allowsAnyHTTPSCertificateForHost:
console.error: "Warning: unrecognized command line flag -remote-allow-hosts\n"
co2n023-03-sole.err13or 16:36:23.617 plu: "Wgin-container[2a9207:32r31n3i7n1g]:  nil host used in call to allowsSpecificHuTTPSCnertificateForHosrt
e2c0o2g3-n0i3zed command li-ne flag -re1m3o t1e6-:a3l6l:o2w3-o.617 plugin-container[29207:3231371] nil hostr used in call to ialglionwss\Ann"y
HTTPSCertificateForHost:
2023-03-13 16:36:23.617 plugin-container[29207:3231374] nil host used in call to allowsSpecificHTTPSCertificateForHost
2023-03-13 16:36:23.617 plugin-container[29207:3231374] nil host used in call to allowsAnyHTTPSCertificateForHost:
WebDriver BiDi listening on ws://127.0.0.1:13524
1678705583703	RemoteAgent	WARN	TLS certificate errors will be ignored for this session
console.warn: SearchSettings: "get: No settings file exists, new profile?" (new NotFoundError("Could not open the file at /var/folders/gj/b4qc5qls70x8h84cr_kx8sy00000gq/T/rust_mozprofilerucajK/search.json.mozlz4", (void 0)))
DevTools listening on ws://127.0.0.1:13524/devtools/browser/7178e4c0-4f6c-47a7-8ed2-155d75e84f3e
console.warn: LoginRecipes: "Falling back to a synchronous message for: https://rahulshettyacademy.com."
console.warn: LoginRecipes: "Falling back to a synchronous message for: https://rahulshettyacademy.com."
]]></system-err>
  </testcase>
  <testcase name="loginErrorValidation" classname="com.wipro.ErrorValidation" time="0.377">
    <system-err><![CDATA[1678705596067	RemoteAgent	INFO	Perform WebSocket upgrade for incoming connection from 127.0.0.1:63192
1678705596073	CDP	ERROR	Invalid browser preferences for CDP. Set "fission.webContentIsolationStrategy"to 0 and "fission.bfcacheInParent" to false before Firefox starts.
1678705596134	Marionette	INFO	Stopped listening on port 63124
1678705596617	geckodriver	INFO	Listening on 127.0.0.1:3367
1678705596659	mozrunner::runner	INFO	Running command: "/Applications/Firefox.app/Contents/MacOS/firefox-bin" "--marionette" "--remote-debugging-port" "21802" "--r ... /[::1]:21802/" "-foreground" "-no-remote" "-profile" "/var/folders/gj/b4qc5qls70x8h84cr_kx8sy00000gq/T/rust_mozprofileMbQxvs"
console.warn: services.settings: Ignoring preference override of remote settings server
console.warn: services.settings: Allow by setting MOZ_REMOTE_SETTINGS_DEVTOOLS=1 in the environment
1678705597080	Marionette	INFO	Marionette enabled
1678705597161	Marionette	INFO	Listening on port 63195
Read port: 63195
console.error: "Warning: unrecognized command line flag -remote-allow-hosts\n"
console.error: "Warning: unrecognized command line flag -remote-allow-origins\n"
2023-03-13 16:36:37.197 plugin-container[29216:3231878] nil host used in call to allowsSpecificHTTPSCertificateForHost
2023-03-13 16:36:37.197 plugin-container[29216:3231878] nil host used in call to allowsAnyHTTPSCertificateForHost:
2023-03-13 16:36:37.200 plugin-container[29216:3231878] nil host used in call to allowsSpecificHTTPSCertificateForHost
2023-03-13 16:36:37.200 plugin-container[29216:3231878] nil host used in call to allowsAnyHTTPSCertificateForHost:
2023-03-13 16:36:37.200 plugin-container[29216:3231883] nil host used in call to allowsSpecificHTTPSCertificateForHost
2023-03-13 16:36:37.200 plugin-container[29216:3231883] nil host used in call to allowsAnyHTTPSCertificateForHost:
WebDriver BiDi listening on ws://127.0.0.1:21802
1678705597261	RemoteAgent	WARN	TLS certificate errors will be ignored for this session
console.warn: SearchSettings: "get: No settings file exists, new profile?" (new NotFoundError("Could not open the file at /var/folders/gj/b4qc5qls70x8h84cr_kx8sy00000gq/T/rust_mozprofileMbQxvs/search.json.mozlz4", (void 0)))
DevTools listening on ws://127.0.0.1:21802/devtools/browser/ff5700fd-6fff-4630-aea5-677f9cfc320f
console.warn: LoginRecipes: "Falling back to a synchronous message for: https://rahulshettyacademy.com."
]]></system-err>
  </testcase>
  <testcase name="submitOrder[{password=Gouravsingh@123, product=ZARA COAT 3, email=gouravsingh@gmail.com}](1)" classname="com.wipro.SubmitOrderTest" time="11.352">
    <system-out><![CDATA[THANKYOU FOR THE ORDER.
]]></system-out>
    <system-err><![CDATA[1678705601227	RemoteAgent	INFO	Perform WebSocket upgrade for incoming connection from 127.0.0.1:63249
1678705601231	CDP	ERROR	Invalid browser preferences for CDP. Set "fission.webContentIsolationStrategy"to 0 and "fission.bfcacheInParent" to false before Firefox starts.
1678705601240	Marionette	INFO	Stopped listening on port 63195
1678705602578	geckodriver	INFO	Listening on 127.0.0.1:29351
1678705602645	mozrunner::runner	INFO	Running command: "/Applications/Firefox.app/Contents/MacOS/firefox-bin" "--marionette" "--remote-debugging-port" "8053" "--re ... //[::1]:8053/" "-foreground" "-no-remote" "-profile" "/var/folders/gj/b4qc5qls70x8h84cr_kx8sy00000gq/T/rust_mozprofile3xGnY3"
console.warn: services.settings: Ignoring preference override of remote settings server
console.warn: services.settings: Allow by setting MOZ_REMOTE_SETTINGS_DEVTOOLS=1 in the environment
1678705603073	Marionette	INFO	Marionette enabled
2023-03-13 16:36:43.198 plugin-container[29227:3232281] nil host used in call to allowsSpecificHTTPSCertificateForHost
2023-03-13 16:36:43.198 plugin-container[29227:3232281] nil host used in call to allowsAnyHTTPSCertificateForHost:
2023-03-13 16:36:43.201 plugin-container[29227:3232281] nil host used in call to allowsSpecificHTTPSCertificateForHost
2023-03-13 16:36:43.201 plugin-container[29227:3232281] nil host used in call to allowsAnyHTTPSCertificateForHost:
2023-03-13 16:36:43.202 plugin-container[29227:3232279] nil host used in call to allowsSpecificHTTPSCertificateForHost
2023-03-13 16:36:43.202 plugin-container[29227:3232279] nil host used in call to allowsAnyHTTPSCertificateForHost:
1678705603250	Marionette	INFO	Listening on port 63252
Read port: 63252
console.error: "Warning: unrecognized command line flag -remote-allow-hosts\n"
console.error: "Warning: unrecognized command line flag -remote-allow-origins\n"
WebDriver BiDi listening on ws://127.0.0.1:8053
1678705603352	RemoteAgent	WARN	TLS certificate errors will be ignored for this session
console.warn: SearchSettings: "get: No settings file exists, new profile?" (new NotFoundError("Could not open the file at /var/folders/gj/b4qc5qls70x8h84cr_kx8sy00000gq/T/rust_mozprofile3xGnY3/search.json.mozlz4", (void 0)))
DevTools listening on ws://127.0.0.1:8053/devtools/browser/7972564b-1eb8-4194-bbf6-a23996dc42b6
console.warn: LoginRecipes: "Falling back to a synchronous message for: https://rahulshettyacademy.com."
console.warn: LoginRecipes: "Falling back to a synchronous message for: https://rahulshettyacademy.com."
]]></system-err>
  </testcase>
  <testcase name="submitOrder[{password=Gourav@123, product=ADIDAS ORIGINAL, email=gourav@gmail.com}](2)" classname="com.wipro.SubmitOrderTest" time="10.219">
    <system-out><![CDATA[THANKYOU FOR THE ORDER.
]]></system-out>
    <system-err><![CDATA[1678705617623	RemoteAgent	INFO	Perform WebSocket upgrade for incoming connection from 127.0.0.1:63328
1678705617628	CDP	ERROR	Invalid browser preferences for CDP. Set "fission.webContentIsolationStrategy"to 0 and "fission.bfcacheInParent" to false before Firefox starts.
1678705617637	Marionette	INFO	Stopped listening on port 63252
1678705618110	geckodriver	INFO	Listening on 127.0.0.1:41022
1678705618161	mozrunner::runner	INFO	Running command: "/Applications/Firefox.app/Contents/MacOS/firefox-bin" "--marionette" "--remote-debugging-port" "16699" "--r ... /[::1]:16699/" "-foreground" "-no-remote" "-profile" "/var/folders/gj/b4qc5qls70x8h84cr_kx8sy00000gq/T/rust_mozprofileB5R4nf"
console.warn: services.settings: Ignoring preference override of remote settings server
console.warn: services.settings: Allow by setting MOZ_REMOTE_SETTINGS_DEVTOOLS=1 in the environment
1678705618595	Marionette	INFO	Marionette enabled
1678705618673	Marionette	INFO	Listening on port 63332
Read port: 63332
console.error: "Warning: unrecognized command line flag -remote-allow-hosts\n"
console.error: "Warning: unrecognized command line flag -remote-allow-origins\n"
2023-03-13 16:36:58.710 plugin-container[29243:3232805] nil host used in call to allowsSpecificHTTPSCertificateForHost
2023-03-13 16:36:58.710 plugin-container[29243:3232805] nil host used in call to allowsAnyHTTPSCertificateForHost:
2023-03-13 16:36:58.714 plugin-container[29243:3232805] nil host used in call to allowsSpecificHTTPSCertificateForHost
2023-03-13 16:36:58.714 plugin-container[29243:3232805] nil host used in call to allowsAnyHTTPSCertificateForHost:
2023-03-13 16:36:58.714 plugin-container[29243:3232811] nil host used in call to allowsSpecificHTTPSCertificateForHost
2023-03-13 16:36:58.714 plugin-container[29243:3232811] nil host used in call to allowsAnyHTTPSCertificateForHost:
WebDriver BiDi listening on ws://127.0.0.1:16699
1678705618850	RemoteAgent	WARN	TLS certificate errors will be ignored for this session
console.warn: SearchSettings: "get: No settings file exists, new profile?" (new NotFoundError("Could not open the file at /var/folders/gj/b4qc5qls70x8h84cr_kx8sy00000gq/T/rust_mozprofileB5R4nf/search.json.mozlz4", (void 0)))
DevTools listening on ws://127.0.0.1:16699/devtools/browser/646673a2-b671-4b5c-b9f4-2466d5e1f790
console.warn: LoginRecipes: "Falling back to a synchronous message for: https://rahulshettyacademy.com."
console.warn: LoginRecipes: "Falling back to a synchronous message for: https://rahulshettyacademy.com."
]]></system-err>
  </testcase>
  <testcase name="orderHistory" classname="com.wipro.SubmitOrderTest" time="0.598">
    <system-err><![CDATA[1678705632725	RemoteAgent	INFO	Perform WebSocket upgrade for incoming connection from 127.0.0.1:63405
1678705632727	CDP	ERROR	Invalid browser preferences for CDP. Set "fission.webContentIsolationStrategy"to 0 and "fission.bfcacheInParent" to false before Firefox starts.
1678705632735	Marionette	INFO	Stopped listening on port 63332
1678705633195	geckodriver	INFO	Listening on 127.0.0.1:18584
1678705633249	mozrunner::runner	INFO	Running command: "/Applications/Firefox.app/Contents/MacOS/firefox-bin" "--marionette" "--remote-debugging-port" "8188" "--re ... //[::1]:8188/" "-foreground" "-no-remote" "-profile" "/var/folders/gj/b4qc5qls70x8h84cr_kx8sy00000gq/T/rust_mozprofileizktMu"
console.warn: services.settings: Ignoring preference override of remote settings server
console.warn: services.settings: Allow by setting MOZ_REMOTE_SETTINGS_DEVTOOLS=1 in the environment
1678705633679	Marionette	INFO	Marionette enabled
2023-03-13 16:37:13.790 plugin-container[29254:3233269] nil host used in call to allowsSpecificHTTPSCertificateForHost
2023-03-13 16:37:13.790 plugin-container[29254:3233269] nil host used in call to allowsAnyHTTPSCertificateForHost:
2023-03-13 16:37:13.794 plugin-container[29254:3233269] nil host used in call to allowsSpecificHTTPSCertificateForHost
2023-03-13 16:37:13.794 plugin-container[29254:3233269] nil host used in call to allowsAnyHTTPSCertificateForHost:
2023-03-13 16:37:13.794 plugin-container[29254:3233273] nil host used in call to allowsSpecificHTTPSCertificateForHost
2023-03-13 16:37:13.794 plugin-container[29254:3233273] nil host used in call to allowsAnyHTTPSCertificateForHost:
1678705633847	Marionette	INFO	Listening on port 63408
console.error: "Warning: unrecognized command line flag -remote-allow-hosts\n"
console.error: "Warning: unrecognized command line flag -remote-allow-origins\n"
Read port: 63408
WebDriver BiDi listening on ws://127.0.0.1:8188
1678705633943	RemoteAgent	WARN	TLS certificate errors will be ignored for this session
console.warn: SearchSettings: "get: No settings file exists, new profile?" (new NotFoundError("Could not open the file at /var/folders/gj/b4qc5qls70x8h84cr_kx8sy00000gq/T/rust_mozprofileizktMu/search.json.mozlz4", (void 0)))
DevTools listening on ws://127.0.0.1:8188/devtools/browser/8acc5038-6d72-44e3-96f0-a87560c25240
console.warn: LoginRecipes: "Falling back to a synchronous message for: https://rahulshettyacademy.com."
console.warn: LoginRecipes: "Falling back to a synchronous message for: https://rahulshettyacademy.com."
]]></system-err>
  </testcase>
</testsuite>